<?xml version="1.0" encoding="UTF-8"?>
<!-- Generated by org.testng.reporters.JUnitReportReporter -->
<testsuite hostname="localhost" failures="0" tests="2" name="TestNGAnnotations.HomeTest" time="0.005" errors="0" timestamp="2022-07-09T12:01:00 IST" skipped="0">
  <testcase classname="TestNGAnnotations.HomeTest" name="header" time="0.002"/>
  <system-out/>
  <testcase classname="TestNGAnnotations.HomeTest" name="header" time="0.003"/>
  <system-out/>
</testsuite> <!-- TestNGAnnotations.HomeTest -->
