<?xml version="1.0" encoding="UTF-8"?>
<!-- Generated by org.testng.reporters.JUnitReportReporter -->
<testsuite hostname="localhost" failures="0" tests="2" name="TestNGAnnotations.ContactsTest" time="0.014" errors="0" timestamp="2022-07-09T12:01:00 IST" skipped="0">
  <testcase classname="TestNGAnnotations.ContactsTest" name="createContactsTest" time="0.001"/>
  <system-out/>
  <testcase classname="TestNGAnnotations.ContactsTest" name="createContactsTest" time="0.013"/>
  <system-out/>
</testsuite> <!-- TestNGAnnotations.ContactsTest -->
